<?xml version="1.0" encoding="UTF-8"?>
<!-- Generated by org.testng.reporters.JUnitReportReporter -->
<testsuite skipped="0" hostname="DESKTOP-APEKSHA" name="com.bank.testsuite.BankTest" tests="5" failures="0" timestamp="03 Dec 2020 21:25:45 GMT" time="96.089" errors="0">
  <testcase name="customerShouldWithdrawMoneySuccessfully" time="33.300" classname="com.bank.testsuite.BankTest"/>
  <testcase name="bankManagerShouldOpenAccountSuccessfully" time="10.656" classname="com.bank.testsuite.BankTest"/>
  <testcase name="bankManagerShouldAddCustomerSuccessfully" time="8.940" classname="com.bank.testsuite.BankTest"/>
  <testcase name="customerShouldLoginAndLogoutSuccessfully" time="20.779" classname="com.bank.testsuite.BankTest"/>
  <testcase name="customerShouldDepositMoneySuccessfully" time="22.414" classname="com.bank.testsuite.BankTest"/>
</testsuite> <!-- com.bank.testsuite.BankTest -->
